<?xml version="1.0" encoding="UTF-8" standalone="yes"?><!DOCTYPE report PUBLIC "-//JACOCO//DTD Report 1.1//EN" "report.dtd"><report name="doremi-subscription"><sessioninfo id="jarvis-a94d80a" start="1764076269990" dump="1764076273714"/><package name="com/example/geektrust/repository"><class name="com/example/geektrust/repository/IUserSubscriptionRepository" sourcefilename="IUserSubscriptionRepository.java"/><sourcefile name="IUserSubscriptionRepository.java"/></package><package name="com/example/geektrust/config"><class name="com/example/geektrust/config/AppConfig" sourcefilename="AppConfig.java"><method name="&lt;init&gt;" desc="()V" line="17"><counter type="INSTRUCTION" missed="22" covered="0"/><counter type="LINE" missed="6" covered="0"/><counter type="COMPLEXITY" missed="1" covered="0"/><counter type="METHOD" missed="1" covered="0"/></method><method name="registerCommands" desc="()V" line="25"><counter type="INSTRUCTION" missed="10" covered="0"/><counter type="LINE" missed="2" covered="0"/><counter type="COMPLEXITY" missed="1" covered="0"/><counter type="METHOD" missed="1" covered="0"/></method><method name="getCommandInvoker" desc="()Lcom/example/geektrust/commands/CommandInvoker;" line="13"><counter type="INSTRUCTION" missed="3" covered="0"/><counter type="LINE" missed="1" covered="0"/><counter type="COMPLEXITY" missed="1" covered="0"/><counter type="METHOD" missed="1" covered="0"/></method><method name="getSubscriptionService" desc="()Lcom/example/geektrust/service/ISubscriptionService;" line="14"><counter type="INSTRUCTION" missed="3" covered="0"/><counter type="LINE" missed="1" covered="0"/><counter type="COMPLEXITY" missed="1" covered="0"/><counter type="METHOD" missed="1" covered="0"/></method><method name="getUserSubscriptionRepository" desc="()Lcom/example/geektrust/repository/IUserSubscriptionRepository;" line="15"><counter type="INSTRUCTION" missed="3" covered="0"/><counter type="LINE" missed="1" covered="0"/><counter type="COMPLEXITY" missed="1" covered="0"/><counter type="METHOD" missed="1" covered="0"/></method><counter type="INSTRUCTION" missed="41" covered="0"/><counter type="LINE" missed="11" covered="0"/><counter type="COMPLEXITY" missed="5" covered="0"/><counter type="METHOD" missed="5" covered="0"/><counter type="CLASS" missed="1" covered="0"/></class><sourcefile name="AppConfig.java"><line nr="13" mi="3" ci="0" mb="0" cb="0"/><line nr="14" mi="3" ci="0" mb="0" cb="0"/><line nr="15" mi="3" ci="0" mb="0" cb="0"/><line nr="17" mi="2" ci="0" mb="0" cb="0"/><line nr="18" mi="5" ci="0" mb="0" cb="0"/><line nr="19" mi="5" ci="0" mb="0" cb="0"/><line nr="20" mi="7" ci="0" mb="0" cb="0"/><line nr="21" mi="2" ci="0" mb="0" cb="0"/><line nr="22" mi="1" ci="0" mb="0" cb="0"/><line nr="25" mi="9" ci="0" mb="0" cb="0"/><line nr="26" mi="1" ci="0" mb="0" cb="0"/><counter type="INSTRUCTION" missed="41" covered="0"/><counter type="LINE" missed="11" covered="0"/><counter type="COMPLEXITY" missed="5" covered="0"/><counter type="METHOD" missed="5" covered="0"/><counter type="CLASS" missed="1" covered="0"/></sourcefile><counter type="INSTRUCTION" missed="41" covered="0"/><counter type="LINE" missed="11" covered="0"/><counter type="COMPLEXITY" missed="5" covered="0"/><counter type="METHOD" missed="5" covered="0"/><counter type="CLASS" missed="1" covered="0"/></package><package name="com/example/geektrust/globals"><class name="com/example/geektrust/globals/Constants" sourcefilename="Constants.java"><method name="&lt;init&gt;" desc="()V" line="5"><counter type="INSTRUCTION" missed="3" covered="0"/><counter type="LINE" missed="1" covered="0"/><counter type="COMPLEXITY" missed="1" covered="0"/><counter type="METHOD" missed="1" covered="0"/></method><method name="&lt;clinit&gt;" desc="()V" line="6"><counter type="INSTRUCTION" missed="4" covered="0"/><counter type="LINE" missed="1" covered="0"/><counter type="COMPLEXITY" missed="1" covered="0"/><counter type="METHOD" missed="1" covered="0"/></method><counter type="INSTRUCTION" missed="7" covered="0"/><counter type="LINE" missed="2" covered="0"/><counter type="COMPLEXITY" missed="2" covered="0"/><counter type="METHOD" missed="2" covered="0"/><counter type="CLASS" missed="1" covered="0"/></class><sourcefile name="Constants.java"><line nr="5" mi="3" ci="0" mb="0" cb="0"/><line nr="6" mi="4" ci="0" mb="0" cb="0"/><counter type="INSTRUCTION" missed="7" covered="0"/><counter type="LINE" missed="2" covered="0"/><counter type="COMPLEXITY" missed="2" covered="0"/><counter type="METHOD" missed="2" covered="0"/><counter type="CLASS" missed="1" covered="0"/></sourcefile><counter type="INSTRUCTION" missed="7" covered="0"/><counter type="LINE" missed="2" covered="0"/><counter type="COMPLEXITY" missed="2" covered="0"/><counter type="METHOD" missed="2" covered="0"/><counter type="CLASS" missed="1" covered="0"/></package><package name="com/example/geektrust/entities"><class name="com/example/geektrust/entities/UserSubscription" sourcefilename="UserSubscription.java"><method name="getTopup" desc="()Lcom/example/geektrust/entities/Topup;" line="15"><counter type="INSTRUCTION" missed="3" covered="0"/><counter type="LINE" missed="1" covered="0"/><counter type="COMPLEXITY" missed="1" covered="0"/><counter type="METHOD" missed="1" covered="0"/></method><method name="getSubscriptions" desc="()Ljava/util/Map;" line="16"><counter type="INSTRUCTION" missed="3" covered="0"/><counter type="LINE" missed="1" covered="0"/><counter type="COMPLEXITY" missed="1" covered="0"/><counter type="METHOD" missed="1" covered="0"/></method><method name="getStartDate" desc="()Ljava/time/LocalDate;" line="17"><counter type="INSTRUCTION" missed="3" covered="0"/><counter type="LINE" missed="1" covered="0"/><counter type="COMPLEXITY" missed="1" covered="0"/><counter type="METHOD" missed="1" covered="0"/></method><method name="setTopup" desc="(Lcom/example/geektrust/entities/Topup;)V" line="12"><counter type="INSTRUCTION" missed="4" covered="0"/><counter type="LINE" missed="1" covered="0"/><counter type="COMPLEXITY" missed="1" covered="0"/><counter type="METHOD" missed="1" covered="0"/></method><method name="setSubscriptions" desc="(Ljava/util/Map;)V" line="12"><counter type="INSTRUCTION" missed="4" covered="0"/><counter type="LINE" missed="1" covered="0"/><counter type="COMPLEXITY" missed="1" covered="0"/><counter type="METHOD" missed="1" covered="0"/></method><method name="setStartDate" desc="(Ljava/time/LocalDate;)V" line="12"><counter type="INSTRUCTION" missed="4" covered="0"/><counter type="LINE" missed="1" covered="0"/><counter type="COMPLEXITY" missed="1" covered="0"/><counter type="METHOD" missed="1" covered="0"/></method><method name="&lt;init&gt;" desc="()V" line="13"><counter type="INSTRUCTION" missed="3" covered="0"/><counter type="LINE" missed="1" covered="0"/><counter type="COMPLEXITY" missed="1" covered="0"/><counter type="METHOD" missed="1" covered="0"/></method><counter type="INSTRUCTION" missed="24" covered="0"/><counter type="LINE" missed="5" covered="0"/><counter type="COMPLEXITY" missed="7" covered="0"/><counter type="METHOD" missed="7" covered="0"/><counter type="CLASS" missed="1" covered="0"/></class><class name="com/example/geektrust/entities/Topup" sourcefilename="Topup.java"><method name="getType" desc="()Lcom/example/geektrust/entities/enums/TopupType;" line="13"><counter type="INSTRUCTION" missed="3" covered="0"/><counter type="LINE" missed="1" covered="0"/><counter type="COMPLEXITY" missed="1" covered="0"/><counter type="METHOD" missed="1" covered="0"/></method><method name="getCost" desc="()I" line="14"><counter type="INSTRUCTION" missed="3" covered="0"/><counter type="LINE" missed="1" covered="0"/><counter type="COMPLEXITY" missed="1" covered="0"/><counter type="METHOD" missed="1" covered="0"/></method><method name="getMonths" desc="()I" line="15"><counter type="INSTRUCTION" missed="3" covered="0"/><counter type="LINE" missed="1" covered="0"/><counter type="COMPLEXITY" missed="1" covered="0"/><counter type="METHOD" missed="1" covered="0"/></method><method name="setType" desc="(Lcom/example/geektrust/entities/enums/TopupType;)V" line="10"><counter type="INSTRUCTION" missed="4" covered="0"/><counter type="LINE" missed="1" covered="0"/><counter type="COMPLEXITY" missed="1" covered="0"/><counter type="METHOD" missed="1" covered="0"/></method><method name="setCost" desc="(I)V" line="10"><counter type="INSTRUCTION" missed="4" covered="0"/><counter type="LINE" missed="1" covered="0"/><counter type="COMPLEXITY" missed="1" covered="0"/><counter type="METHOD" missed="1" covered="0"/></method><method name="setMonths" desc="(I)V" line="10"><counter type="INSTRUCTION" missed="4" covered="0"/><counter type="LINE" missed="1" covered="0"/><counter type="COMPLEXITY" missed="1" covered="0"/><counter type="METHOD" missed="1" covered="0"/></method><method name="&lt;init&gt;" desc="(Lcom/example/geektrust/entities/enums/TopupType;II)V" line="11"><counter type="INSTRUCTION" missed="12" covered="0"/><counter type="LINE" missed="1" covered="0"/><counter type="COMPLEXITY" missed="1" covered="0"/><counter type="METHOD" missed="1" covered="0"/></method><counter type="INSTRUCTION" missed="33" covered="0"/><counter type="LINE" missed="5" covered="0"/><counter type="COMPLEXITY" missed="7" covered="0"/><counter type="METHOD" missed="7" covered="0"/><counter type="CLASS" missed="1" covered="0"/></class><class name="com/example/geektrust/entities/SubscriptionPlan" sourcefilename="SubscriptionPlan.java"><method name="getCategory" desc="()Lcom/example/geektrust/entities/enums/Category;" line="15"><counter type="INSTRUCTION" missed="3" covered="0"/><counter type="LINE" missed="1" covered="0"/><counter type="COMPLEXITY" missed="1" covered="0"/><counter type="METHOD" missed="1" covered="0"/></method><method name="getPlan" desc="()Lcom/example/geektrust/entities/enums/Plan;" line="16"><counter type="INSTRUCTION" missed="3" covered="0"/><counter type="LINE" missed="1" covered="0"/><counter type="COMPLEXITY" missed="1" covered="0"/><counter type="METHOD" missed="1" covered="0"/></method><method name="getMonths" desc="()I" line="17"><counter type="INSTRUCTION" missed="3" covered="0"/><counter type="LINE" missed="1" covered="0"/><counter type="COMPLEXITY" missed="1" covered="0"/><counter type="METHOD" missed="1" covered="0"/></method><method name="getCost" desc="()I" line="18"><counter type="INSTRUCTION" missed="3" covered="0"/><counter type="LINE" missed="1" covered="0"/><counter type="COMPLEXITY" missed="1" covered="0"/><counter type="METHOD" missed="1" covered="0"/></method><method name="setCategory" desc="(Lcom/example/geektrust/entities/enums/Category;)V" line="11"><counter type="INSTRUCTION" missed="4" covered="0"/><counter type="LINE" missed="1" covered="0"/><counter type="COMPLEXITY" missed="1" covered="0"/><counter type="METHOD" missed="1" covered="0"/></method><method name="setPlan" desc="(Lcom/example/geektrust/entities/enums/Plan;)V" line="11"><counter type="INSTRUCTION" missed="4" covered="0"/><counter type="LINE" missed="1" covered="0"/><counter type="COMPLEXITY" missed="1" covered="0"/><counter type="METHOD" missed="1" covered="0"/></method><method name="setMonths" desc="(I)V" line="11"><counter type="INSTRUCTION" missed="4" covered="0"/><counter type="LINE" missed="1" covered="0"/><counter type="COMPLEXITY" missed="1" covered="0"/><counter type="METHOD" missed="1" covered="0"/></method><method name="setCost" desc="(I)V" line="11"><counter type="INSTRUCTION" missed="4" covered="0"/><counter type="LINE" missed="1" covered="0"/><counter type="COMPLEXITY" missed="1" covered="0"/><counter type="METHOD" missed="1" covered="0"/></method><method name="&lt;init&gt;" desc="(Lcom/example/geektrust/entities/enums/Category;Lcom/example/geektrust/entities/enums/Plan;II)V" line="12"><counter type="INSTRUCTION" missed="15" covered="0"/><counter type="LINE" missed="1" covered="0"/><counter type="COMPLEXITY" missed="1" covered="0"/><counter type="METHOD" missed="1" covered="0"/></method><counter type="INSTRUCTION" missed="43" covered="0"/><counter type="LINE" missed="6" covered="0"/><counter type="COMPLEXITY" missed="9" covered="0"/><counter type="METHOD" missed="9" covered="0"/><counter type="CLASS" missed="1" covered="0"/></class><sourcefile name="SubscriptionPlan.java"><line nr="11" mi="16" ci="0" mb="0" cb="0"/><line nr="12" mi="15" ci="0" mb="0" cb="0"/><line nr="15" mi="3" ci="0" mb="0" cb="0"/><line nr="16" mi="3" ci="0" mb="0" cb="0"/><line nr="17" mi="3" ci="0" mb="0" cb="0"/><line nr="18" mi="3" ci="0" mb="0" cb="0"/><counter type="INSTRUCTION" missed="43" covered="0"/><counter type="LINE" missed="6" covered="0"/><counter type="COMPLEXITY" missed="9" covered="0"/><counter type="METHOD" missed="9" covered="0"/><counter type="CLASS" missed="1" covered="0"/></sourcefile><sourcefile name="UserSubscription.java"><line nr="12" mi="12" ci="0" mb="0" cb="0"/><line nr="13" mi="3" ci="0" mb="0" cb="0"/><line nr="15" mi="3" ci="0" mb="0" cb="0"/><line nr="16" mi="3" ci="0" mb="0" cb="0"/><line nr="17" mi="3" ci="0" mb="0" cb="0"/><counter type="INSTRUCTION" missed="24" covered="0"/><counter type="LINE" missed="5" covered="0"/><counter type="COMPLEXITY" missed="7" covered="0"/><counter type="METHOD" missed="7" covered="0"/><counter type="CLASS" missed="1" covered="0"/></sourcefile><sourcefile name="Topup.java"><line nr="10" mi="12" ci="0" mb="0" cb="0"/><line nr="11" mi="12" ci="0" mb="0" cb="0"/><line nr="13" mi="3" ci="0" mb="0" cb="0"/><line nr="14" mi="3" ci="0" mb="0" cb="0"/><line nr="15" mi="3" ci="0" mb="0" cb="0"/><counter type="INSTRUCTION" missed="33" covered="0"/><counter type="LINE" missed="5" covered="0"/><counter type="COMPLEXITY" missed="7" covered="0"/><counter type="METHOD" missed="7" covered="0"/><counter type="CLASS" missed="1" covered="0"/></sourcefile><counter type="INSTRUCTION" missed="100" covered="0"/><counter type="LINE" missed="16" covered="0"/><counter type="COMPLEXITY" missed="23" covered="0"/><counter type="METHOD" missed="23" covered="0"/><counter type="CLASS" missed="3" covered="0"/></package><package name="com/example/geektrust/service"><class name="com/example/geektrust/service/ISubscriptionService" sourcefilename="ISubscriptionService.java"/><sourcefile name="ISubscriptionService.java"/></package><package name="com/example/geektrust/entities/enums"><class name="com/example/geektrust/entities/enums/TopupType" sourcefilename="TopupType.java"><method name="&lt;clinit&gt;" desc="()V" line="3"><counter type="INSTRUCTION" missed="15" covered="0"/><counter type="LINE" missed="2" covered="0"/><counter type="COMPLEXITY" missed="1" covered="0"/><counter type="METHOD" missed="1" covered="0"/></method><counter type="INSTRUCTION" missed="15" covered="0"/><counter type="LINE" missed="2" covered="0"/><counter type="COMPLEXITY" missed="1" covered="0"/><counter type="METHOD" missed="1" covered="0"/><counter type="CLASS" missed="1" covered="0"/></class><class name="com/example/geektrust/entities/enums/Plan" sourcefilename="Plan.java"><method name="&lt;clinit&gt;" desc="()V" line="3"><counter type="INSTRUCTION" missed="21" covered="0"/><counter type="LINE" missed="2" covered="0"/><counter type="COMPLEXITY" missed="1" covered="0"/><counter type="METHOD" missed="1" covered="0"/></method><counter type="INSTRUCTION" missed="21" covered="0"/><counter type="LINE" missed="2" covered="0"/><counter type="COMPLEXITY" missed="1" covered="0"/><counter type="METHOD" missed="1" covered="0"/><counter type="CLASS" missed="1" covered="0"/></class><class name="com/example/geektrust/entities/enums/Category" sourcefilename="Category.java"><method name="&lt;clinit&gt;" desc="()V" line="3"><counter type="INSTRUCTION" missed="21" covered="0"/><counter type="LINE" missed="2" covered="0"/><counter type="COMPLEXITY" missed="1" covered="0"/><counter type="METHOD" missed="1" covered="0"/></method><counter type="INSTRUCTION" missed="21" covered="0"/><counter type="LINE" missed="2" covered="0"/><counter type="COMPLEXITY" missed="1" covered="0"/><counter type="METHOD" missed="1" covered="0"/><counter type="CLASS" missed="1" covered="0"/></class><sourcefile name="Plan.java"><line nr="3" mi="3" ci="0" mb="0" cb="0"/><line nr="4" mi="18" ci="0" mb="0" cb="0"/><counter type="INSTRUCTION" missed="21" covered="0"/><counter type="LINE" missed="2" covered="0"/><counter type="COMPLEXITY" missed="1" covered="0"/><counter type="METHOD" missed="1" covered="0"/><counter type="CLASS" missed="1" covered="0"/></sourcefile><sourcefile name="Category.java"><line nr="3" mi="3" ci="0" mb="0" cb="0"/><line nr="4" mi="18" ci="0" mb="0" cb="0"/><counter type="INSTRUCTION" missed="21" covered="0"/><counter type="LINE" missed="2" covered="0"/><counter type="COMPLEXITY" missed="1" covered="0"/><counter type="METHOD" missed="1" covered="0"/><counter type="CLASS" missed="1" covered="0"/></sourcefile><sourcefile name="TopupType.java"><line nr="3" mi="3" ci="0" mb="0" cb="0"/><line nr="4" mi="12" ci="0" mb="0" cb="0"/><counter type="INSTRUCTION" missed="15" covered="0"/><counter type="LINE" missed="2" covered="0"/><counter type="COMPLEXITY" missed="1" covered="0"/><counter type="METHOD" missed="1" covered="0"/><counter type="CLASS" missed="1" covered="0"/></sourcefile><counter type="INSTRUCTION" missed="57" covered="0"/><counter type="LINE" missed="6" covered="0"/><counter type="COMPLEXITY" missed="3" covered="0"/><counter type="METHOD" missed="3" covered="0"/><counter type="CLASS" missed="3" covered="0"/></package><package name="com/example/geektrust/service/implementation"><class name="com/example/geektrust/service/implementation/SubscriptionService" sourcefilename="SubscriptionService.java"><method name="&lt;init&gt;" desc="(Lcom/example/geektrust/repository/IUserSubscriptionRepository;)V" line="17"><counter type="INSTRUCTION" missed="10" covered="0"/><counter type="LINE" missed="4" covered="0"/><counter type="COMPLEXITY" missed="1" covered="0"/><counter type="METHOD" missed="1" covered="0"/></method><method name="startSubscription" desc="(Ljava/lang/String;)V" line="24"><counter type="INSTRUCTION" missed="31" covered="0"/><counter type="LINE" missed="8" covered="0"/><counter type="COMPLEXITY" missed="1" covered="0"/><counter type="METHOD" missed="1" covered="0"/></method><counter type="INSTRUCTION" missed="41" covered="0"/><counter type="LINE" missed="12" covered="0"/><counter type="COMPLEXITY" missed="2" covered="0"/><counter type="METHOD" missed="2" covered="0"/><counter type="CLASS" missed="1" covered="0"/></class><sourcefile name="SubscriptionService.java"><line nr="17" mi="2" ci="0" mb="0" cb="0"/><line nr="18" mi="4" ci="0" mb="0" cb="0"/><line nr="19" mi="3" ci="0" mb="0" cb="0"/><line nr="20" mi="1" ci="0" mb="0" cb="0"/><line nr="24" mi="5" ci="0" mb="0" cb="0"/><line nr="25" mi="4" ci="0" mb="0" cb="0"/><line nr="26" mi="3" ci="0" mb="0" cb="0"/><line nr="27" mi="11" ci="0" mb="0" cb="0"/><line nr="29" mi="1" ci="0" mb="0" cb="0"/><line nr="30" mi="5" ci="0" mb="0" cb="0"/><line nr="31" mi="1" ci="0" mb="0" cb="0"/><line nr="33" mi="1" ci="0" mb="0" cb="0"/><counter type="INSTRUCTION" missed="41" covered="0"/><counter type="LINE" missed="12" covered="0"/><counter type="COMPLEXITY" missed="2" covered="0"/><counter type="METHOD" missed="2" covered="0"/><counter type="CLASS" missed="1" covered="0"/></sourcefile><counter type="INSTRUCTION" missed="41" covered="0"/><counter type="LINE" missed="12" covered="0"/><counter type="COMPLEXITY" missed="2" covered="0"/><counter type="METHOD" missed="2" covered="0"/><counter type="CLASS" missed="1" covered="0"/></package><package name="com/example/geektrust/commands"><class name="com/example/geektrust/commands/ICommand" sourcefilename="ICommand.java"/><class name="com/example/geektrust/commands/CommandInvoker" sourcefilename="CommandInvoker.java"><method name="&lt;init&gt;" desc="()V" line="8"><counter type="INSTRUCTION" missed="8" covered="0"/><counter type="LINE" missed="2" covered="0"/><counter type="COMPLEXITY" missed="1" covered="0"/><counter type="METHOD" missed="1" covered="0"/></method><method name="get" desc="(Ljava/lang/String;)Lcom/example/geektrust/commands/ICommand;" line="11"><counter type="INSTRUCTION" missed="6" covered="0"/><counter type="LINE" missed="1" covered="0"/><counter type="COMPLEXITY" missed="1" covered="0"/><counter type="METHOD" missed="1" covered="0"/></method><method name="register" desc="(Lcom/example/geektrust/commands/ICommand;Ljava/lang/String;)V" line="15"><counter type="INSTRUCTION" missed="7" covered="0"/><counter type="LINE" missed="2" covered="0"/><counter type="COMPLEXITY" missed="1" covered="0"/><counter type="METHOD" missed="1" covered="0"/></method><method name="parse" desc="(Ljava/lang/String;)Ljava/util/List;" line="18"><counter type="INSTRUCTION" missed="5" covered="0"/><counter type="LINE" missed="1" covered="0"/><counter type="COMPLEXITY" missed="1" covered="0"/><counter type="METHOD" missed="1" covered="0"/></method><method name="execute" desc="(Ljava/lang/String;)V" line="21"><counter type="INSTRUCTION" missed="22" covered="0"/><counter type="BRANCH" missed="2" covered="0"/><counter type="LINE" missed="6" covered="0"/><counter type="COMPLEXITY" missed="2" covered="0"/><counter type="METHOD" missed="1" covered="0"/></method><counter type="INSTRUCTION" missed="48" covered="0"/><counter type="BRANCH" missed="2" covered="0"/><counter type="LINE" missed="12" covered="0"/><counter type="COMPLEXITY" missed="6" covered="0"/><counter type="METHOD" missed="5" covered="0"/><counter type="CLASS" missed="1" covered="0"/></class><class name="com/example/geektrust/commands/StartSubscriptionCommand" sourcefilename="StartSubscriptionCommand.java"><method name="&lt;init&gt;" desc="(Lcom/example/geektrust/service/ISubscriptionService;)V" line="14"><counter type="INSTRUCTION" missed="6" covered="0"/><counter type="LINE" missed="3" covered="0"/><counter type="COMPLEXITY" missed="1" covered="0"/><counter type="METHOD" missed="1" covered="0"/></method><method name="execute" desc="(Ljava/util/List;)V" line="21"><counter type="INSTRUCTION" missed="21" covered="0"/><counter type="LINE" missed="8" covered="0"/><counter type="COMPLEXITY" missed="1" covered="0"/><counter type="METHOD" missed="1" covered="0"/></method><counter type="INSTRUCTION" missed="27" covered="0"/><counter type="LINE" missed="11" covered="0"/><counter type="COMPLEXITY" missed="2" covered="0"/><counter type="METHOD" missed="2" covered="0"/><counter type="CLASS" missed="1" covered="0"/></class><sourcefile name="StartSubscriptionCommand.java"><line nr="14" mi="2" ci="0" mb="0" cb="0"/><line nr="15" mi="3" ci="0" mb="0" cb="0"/><line nr="16" mi="1" ci="0" mb="0" cb="0"/><line nr="21" mi="5" ci="0" mb="0" cb="0"/><line nr="22" mi="4" ci="0" mb="0" cb="0"/><line nr="23" mi="1" ci="0" mb="0" cb="0"/><line nr="24" mi="3" ci="0" mb="0" cb="0"/><line nr="25" mi="1" ci="0" mb="0" cb="0"/><line nr="26" mi="4" ci="0" mb="0" cb="0"/><line nr="27" mi="2" ci="0" mb="0" cb="0"/><line nr="29" mi="1" ci="0" mb="0" cb="0"/><counter type="INSTRUCTION" missed="27" covered="0"/><counter type="LINE" missed="11" covered="0"/><counter type="COMPLEXITY" missed="2" covered="0"/><counter type="METHOD" missed="2" covered="0"/><counter type="CLASS" missed="1" covered="0"/></sourcefile><sourcefile name="CommandInvoker.java"><line nr="8" mi="2" ci="0" mb="0" cb="0"/><line nr="9" mi="6" ci="0" mb="0" cb="0"/><line nr="11" mi="6" ci="0" mb="0" cb="0"/><line nr="15" mi="6" ci="0" mb="0" cb="0"/><line nr="16" mi="1" ci="0" mb="0" cb="0"/><line nr="18" mi="5" ci="0" mb="0" cb="0"/><line nr="21" mi="4" ci="0" mb="0" cb="0"/><line nr="22" mi="7" ci="0" mb="0" cb="0"/><line nr="23" mi="2" ci="0" mb="2" cb="0"/><line nr="24" mi="5" ci="0" mb="0" cb="0"/><line nr="26" mi="3" ci="0" mb="0" cb="0"/><line nr="27" mi="1" ci="0" mb="0" cb="0"/><counter type="INSTRUCTION" missed="48" covered="0"/><counter type="BRANCH" missed="2" covered="0"/><counter type="LINE" missed="12" covered="0"/><counter type="COMPLEXITY" missed="6" covered="0"/><counter type="METHOD" missed="5" covered="0"/><counter type="CLASS" missed="1" covered="0"/></sourcefile><sourcefile name="ICommand.java"/><counter type="INSTRUCTION" missed="75" covered="0"/><counter type="BRANCH" missed="2" covered="0"/><counter type="LINE" missed="23" covered="0"/><counter type="COMPLEXITY" missed="8" covered="0"/><counter type="METHOD" missed="7" covered="0"/><counter type="CLASS" missed="2" covered="0"/></package><package name="com/example/geektrust"><class name="com/example/geektrust/Main" sourcefilename="Main.java"><method name="&lt;init&gt;" desc="()V" line="13"><counter type="INSTRUCTION" missed="3" covered="0"/><counter type="LINE" missed="1" covered="0"/><counter type="COMPLEXITY" missed="1" covered="0"/><counter type="METHOD" missed="1" covered="0"/></method><method name="main" desc="([Ljava/lang/String;)V" line="17"><counter type="INSTRUCTION" missed="48" covered="0"/><counter type="BRANCH" missed="2" covered="0"/><counter type="LINE" missed="15" covered="0"/><counter type="COMPLEXITY" missed="2" covered="0"/><counter type="METHOD" missed="1" covered="0"/></method><method name="parse" desc="(Ljava/lang/String;)Ljava/util/List;" line="34"><counter type="INSTRUCTION" missed="5" covered="0"/><counter type="LINE" missed="1" covered="0"/><counter type="COMPLEXITY" missed="1" covered="0"/><counter type="METHOD" missed="1" covered="0"/></method><counter type="INSTRUCTION" missed="56" covered="0"/><counter type="BRANCH" missed="2" covered="0"/><counter type="LINE" missed="17" covered="0"/><counter type="COMPLEXITY" missed="4" covered="0"/><counter type="METHOD" missed="3" covered="0"/><counter type="CLASS" missed="1" covered="0"/></class><sourcefile name="Main.java"><line nr="13" mi="3" ci="0" mb="0" cb="0"/><line nr="17" mi="7" ci="0" mb="0" cb="0"/><line nr="18" mi="5" ci="0" mb="0" cb="0"/><line nr="19" mi="4" ci="0" mb="0" cb="0"/><line nr="20" mi="3" ci="0" mb="0" cb="0"/><line nr="22" mi="3" ci="0" mb="2" cb="0"/><line nr="23" mi="3" ci="0" mb="0" cb="0"/><line nr="24" mi="3" ci="0" mb="0" cb="0"/><line nr="25" mi="7" ci="0" mb="0" cb="0"/><line nr="26" mi="3" ci="0" mb="0" cb="0"/><line nr="27" mi="1" ci="0" mb="0" cb="0"/><line nr="28" mi="2" ci="0" mb="0" cb="0"/><line nr="29" mi="1" ci="0" mb="0" cb="0"/><line nr="30" mi="4" ci="0" mb="0" cb="0"/><line nr="31" mi="1" ci="0" mb="0" cb="0"/><line nr="32" mi="1" ci="0" mb="0" cb="0"/><line nr="34" mi="5" ci="0" mb="0" cb="0"/><counter type="INSTRUCTION" missed="56" covered="0"/><counter type="BRANCH" missed="2" covered="0"/><counter type="LINE" missed="17" covered="0"/><counter type="COMPLEXITY" missed="4" covered="0"/><counter type="METHOD" missed="3" covered="0"/><counter type="CLASS" missed="1" covered="0"/></sourcefile><counter type="INSTRUCTION" missed="56" covered="0"/><counter type="BRANCH" missed="2" covered="0"/><counter type="LINE" missed="17" covered="0"/><counter type="COMPLEXITY" missed="4" covered="0"/><counter type="METHOD" missed="3" covered="0"/><counter type="CLASS" missed="1" covered="0"/></package><package name="com/example/geektrust/exceptions"><class name="com/example/geektrust/exceptions/InvalidDateException" sourcefilename="InvalidDateException.java"><method name="&lt;init&gt;" desc="(Ljava/lang/String;)V" line="5"><counter type="INSTRUCTION" missed="4" covered="0"/><counter type="LINE" missed="2" covered="0"/><counter type="COMPLEXITY" missed="1" covered="0"/><counter type="METHOD" missed="1" covered="0"/></method><counter type="INSTRUCTION" missed="4" covered="0"/><counter type="LINE" missed="2" covered="0"/><counter type="COMPLEXITY" missed="1" covered="0"/><counter type="METHOD" missed="1" covered="0"/><counter type="CLASS" missed="1" covered="0"/></class><sourcefile name="InvalidDateException.java"><line nr="5" mi="3" ci="0" mb="0" cb="0"/><line nr="6" mi="1" ci="0" mb="0" cb="0"/><counter type="INSTRUCTION" missed="4" covered="0"/><counter type="LINE" missed="2" covered="0"/><counter type="COMPLEXITY" missed="1" covered="0"/><counter type="METHOD" missed="1" covered="0"/><counter type="CLASS" missed="1" covered="0"/></sourcefile><counter type="INSTRUCTION" missed="4" covered="0"/><counter type="LINE" missed="2" covered="0"/><counter type="COMPLEXITY" missed="1" covered="0"/><counter type="METHOD" missed="1" covered="0"/><counter type="CLASS" missed="1" covered="0"/></package><package name="com/example/geektrust/repository/implementation"><class name="com/example/geektrust/repository/implementation/UserSubscriptionRepository" sourcefilename="UserSubscriptionRepository.java"><method name="&lt;init&gt;" desc="()V" line="8"><counter type="INSTRUCTION" missed="8" covered="0"/><counter type="LINE" missed="3" covered="0"/><counter type="COMPLEXITY" missed="1" covered="0"/><counter type="METHOD" missed="1" covered="0"/></method><method name="getUserSubscription" desc="()Lcom/example/geektrust/entities/UserSubscription;" line="15"><counter type="INSTRUCTION" missed="11" covered="0"/><counter type="BRANCH" missed="2" covered="0"/><counter type="LINE" missed="3" covered="0"/><counter type="COMPLEXITY" missed="2" covered="0"/><counter type="METHOD" missed="1" covered="0"/></method><counter type="INSTRUCTION" missed="19" covered="0"/><counter type="BRANCH" missed="2" covered="0"/><counter type="LINE" missed="6" covered="0"/><counter type="COMPLEXITY" missed="3" covered="0"/><counter type="METHOD" missed="2" covered="0"/><counter type="CLASS" missed="1" covered="0"/></class><sourcefile name="UserSubscriptionRepository.java"><line nr="8" mi="2" ci="0" mb="0" cb="0"/><line nr="9" mi="5" ci="0" mb="0" cb="0"/><line nr="10" mi="1" ci="0" mb="0" cb="0"/><line nr="15" mi="3" ci="0" mb="2" cb="0"/><line nr="16" mi="5" ci="0" mb="0" cb="0"/><line nr="18" mi="3" ci="0" mb="0" cb="0"/><counter type="INSTRUCTION" missed="19" covered="0"/><counter type="BRANCH" missed="2" covered="0"/><counter type="LINE" missed="6" covered="0"/><counter type="COMPLEXITY" missed="3" covered="0"/><counter type="METHOD" missed="2" covered="0"/><counter type="CLASS" missed="1" covered="0"/></sourcefile><counter type="INSTRUCTION" missed="19" covered="0"/><counter type="BRANCH" missed="2" covered="0"/><counter type="LINE" missed="6" covered="0"/><counter type="COMPLEXITY" missed="3" covered="0"/><counter type="METHOD" missed="2" covered="0"/><counter type="CLASS" missed="1" covered="0"/></package><counter type="INSTRUCTION" missed="400" covered="0"/><counter type="BRANCH" missed="6" covered="0"/><counter type="LINE" missed="95" covered="0"/><counter type="COMPLEXITY" missed="51" covered="0"/><counter type="METHOD" missed="48" covered="0"/><counter type="CLASS" missed="14" covered="0"/></report>